2025-03-24 03:23:28 - HikariPool-14 - Thread starvation or clock leap detected (housekeeper delta=3h29s271ms893µs500ns).
2025-03-24 07:49:30 - HikariPool-14 - Thread starvation or clock leap detected (housekeeper delta=4h26m6s175ms914µs400ns).
2025-03-24 07:53:33 - Starting HomeControllerTest using Java 21.0.2 with PID 3248 (started by desch in C:\Users\desch\Downloads\PayYouPayMe\PayYouPayMe)
2025-03-24 07:53:33 - No active profile set, falling back to 1 default profile: "default"
2025-03-24 07:53:35 - Global AuthenticationManager configured with UserDetailsService bean with name inMemoryUserDetailsManager
2025-03-24 07:53:35 - Initializing Spring TestDispatcherServlet ''
2025-03-24 07:53:35 - Initializing Servlet ''
2025-03-24 07:53:35 - Completed initialization in 2 ms
2025-03-24 07:53:35 - Started HomeControllerTest in 3.559 seconds (process running for 5.171)
2025-03-24 07:56:21 - Restarting due to 28 class path changes (0 additions, 0 deletions, 28 modifications)
2025-03-24 07:56:21 - Commencing graceful shutdown. Waiting for active requests to complete
2025-03-24 07:56:21 - Graceful shutdown complete
2025-03-24 07:56:21 - Closing JPA EntityManagerFactory for persistence unit 'default'
2025-03-24 07:56:22 - Invocation of destroy method failed on bean with name 'inMemoryDatabaseShutdownExecutor': org.h2.jdbc.JdbcSQLNonTransientConnectionException: La base de données est déjà fermée (pour désactiver la fermeture automatique à l'arrêt de la VM, ajoutez "; DB_CLOSE_ON_EXIT = FALSE" à l'URL db)
Database is already closed (to disable automatic closing at VM shutdown, add ";DB_CLOSE_ON_EXIT=FALSE" to the db URL) [90121-232]
2025-03-24 07:56:22 - HikariPool-14 - Shutdown initiated...
2025-03-24 07:56:22 - HikariPool-14 - Shutdown completed.
2025-03-24 07:56:23 - Starting PayYouPayMeApplication using Java 21.0.2 with PID 44004 (C:\Users\desch\Downloads\PayYouPayMe\PayYouPayMe\target\classes started by desch in C:\Users\desch\Downloads\PayYouPayMe\PayYouPayMe)
2025-03-24 07:56:23 - No active profile set, falling back to 1 default profile: "default"
2025-03-24 07:56:24 - Bootstrapping Spring Data JPA repositories in DEFAULT mode.
2025-03-24 07:56:24 - Finished Spring Data repository scanning in 99 ms. Found 4 JPA repository interfaces.
2025-03-24 07:56:25 - Tomcat initialized with port 8081 (http)
2025-03-24 07:56:25 - Starting service [Tomcat]
2025-03-24 07:56:25 - Starting Servlet engine: [Apache Tomcat/10.1.36]
2025-03-24 07:56:25 - Initializing Spring embedded WebApplicationContext
2025-03-24 07:56:25 - Root WebApplicationContext: initialization completed in 1457 ms
2025-03-24 07:56:25 - HikariPool-15 - Starting...
2025-03-24 07:56:25 - HikariPool-15 - Added connection conn370: url=jdbc:h2:mem:pypm user=ROOT
2025-03-24 07:56:25 - HikariPool-15 - Start completed.
2025-03-24 07:56:25 - HHH000204: Processing PersistenceUnitInfo [name: default]
2025-03-24 07:56:25 - HHH000026: Second-level cache disabled
2025-03-24 07:56:25 - No LoadTimeWeaver setup: ignoring JPA class transformer
2025-03-24 07:56:25 - HHH90000025: H2Dialect does not need to be specified explicitly using 'hibernate.dialect' (remove the property setting and it will be selected by default)
2025-03-24 07:56:25 - HHH10001005: Database info:
	Database JDBC URL [Connecting through datasource 'HikariDataSource (HikariPool-15)']
	Database driver: undefined/unknown
	Database version: 2.3.232
	Autocommit mode: undefined/unknown
	Isolation level: undefined/unknown
	Minimum pool size: undefined/unknown
	Maximum pool size: undefined/unknown
2025-03-24 07:56:25 - HHH000489: No JTA platform available (set 'hibernate.transaction.jta.platform' to enable JTA platform integration)
2025-03-24 07:56:25 - Initialized JPA EntityManagerFactory for persistence unit 'default'
2025-03-24 07:56:25 - spring.jpa.open-in-view is enabled by default. Therefore, database queries may be performed during view rendering. Explicitly configure spring.jpa.open-in-view to disable this warning
2025-03-24 07:56:25 - Global AuthenticationManager configured with UserDetailsService bean with name customUserDetailsService
2025-03-24 07:56:26 - H2 console available at '/h2-console'. Database available at 'jdbc:h2:mem:pypm'
2025-03-24 07:56:26 - LiveReload server is running on port 35729
2025-03-24 07:56:26 - Tomcat started on port 8081 (http) with context path '/'
2025-03-24 07:56:26 - Started PayYouPayMeApplication in 2.973 seconds (process running for 235017.042)
2025-03-24 07:56:26 - Condition evaluation unchanged
2025-03-24 07:56:35 - Starting HomeControllerTest using Java 21.0.2 with PID 26252 (started by desch in C:\Users\desch\Downloads\PayYouPayMe\PayYouPayMe)
2025-03-24 07:56:35 - No active profile set, falling back to 1 default profile: "default"
2025-03-24 07:56:37 - Global AuthenticationManager configured with UserDetailsService bean with name inMemoryUserDetailsManager
2025-03-24 07:56:37 - Initializing Spring TestDispatcherServlet ''
2025-03-24 07:56:37 - Initializing Servlet ''
2025-03-24 07:56:37 - Completed initialization in 4 ms
2025-03-24 07:56:37 - Started HomeControllerTest in 2.873 seconds (process running for 4.333)
2025-03-24 08:02:00 - Starting TransactionControllerTest using Java 21.0.2 with PID 43860 (started by desch in C:\Users\desch\Downloads\PayYouPayMe\PayYouPayMe)
2025-03-24 08:02:00 - No active profile set, falling back to 1 default profile: "default"
2025-03-24 08:02:05 - Global AuthenticationManager configured with UserDetailsService bean with name inMemoryUserDetailsManager
2025-03-24 08:02:05 - Initializing Spring TestDispatcherServlet ''
2025-03-24 08:02:05 - Initializing Servlet ''
2025-03-24 08:02:06 - Completed initialization in 3 ms
2025-03-24 08:02:06 - Started TransactionControllerTest in 6.068 seconds (process running for 7.621)
2025-03-24 08:02:06 - Tentative de création d'une transaction
2025-03-24 08:02:07 - Resolved [org.springframework.web.method.annotation.MethodArgumentTypeMismatchException: Method parameter 'amount': Failed to convert value of type 'java.lang.String' to required type 'java.lang.Float'; For input string: "invalidAmount"]
2025-03-24 08:02:07 - Tentative de création d'une transaction
2025-03-24 08:03:51 - Starting TransactionControllerTest using Java 21.0.2 with PID 43576 (started by desch in C:\Users\desch\Downloads\PayYouPayMe\PayYouPayMe)
2025-03-24 08:03:51 - No active profile set, falling back to 1 default profile: "default"
2025-03-24 08:03:58 - Global AuthenticationManager configured with UserDetailsService bean with name inMemoryUserDetailsManager
2025-03-24 08:03:58 - Initializing Spring TestDispatcherServlet ''
2025-03-24 08:03:58 - Initializing Servlet ''
2025-03-24 08:03:58 - Completed initialization in 4 ms
2025-03-24 08:03:58 - Started TransactionControllerTest in 7.954 seconds (process running for 9.774)
2025-03-24 08:03:59 - Tentative de création d'une transaction
2025-03-24 08:03:59 - Resolved [org.springframework.web.method.annotation.MethodArgumentTypeMismatchException: Method parameter 'amount': Failed to convert value of type 'java.lang.String' to required type 'java.lang.Float'; For input string: "invalidAmount"]
2025-03-24 08:03:59 - Tentative de création d'une transaction
2025-03-24 09:17:30 - Starting PayYouPayMeApplication using Java 21.0.2 with PID 9232 (C:\Users\desch\Downloads\PayYouPayMe\PayYouPayMe\target\classes started by desch in C:\Users\desch\Downloads\PayYouPayMe\PayYouPayMe)
2025-03-24 09:17:30 - No active profile set, falling back to 1 default profile: "default"
2025-03-24 09:17:30 - Devtools property defaults active! Set 'spring.devtools.add-properties' to 'false' to disable
2025-03-24 09:17:30 - For additional web related logging consider setting the 'logging.level.web' property to 'DEBUG'
2025-03-24 09:17:31 - Bootstrapping Spring Data JPA repositories in DEFAULT mode.
2025-03-24 09:17:31 - Finished Spring Data repository scanning in 61 ms. Found 4 JPA repository interfaces.
2025-03-24 09:17:32 - Tomcat initialized with port 8081 (http)
2025-03-24 09:17:32 - Starting service [Tomcat]
2025-03-24 09:17:32 - Starting Servlet engine: [Apache Tomcat/10.1.36]
2025-03-24 09:17:32 - Initializing Spring embedded WebApplicationContext
2025-03-24 09:17:32 - Root WebApplicationContext: initialization completed in 1965 ms
2025-03-24 09:17:32 - HikariPool-1 - Starting...
2025-03-24 09:17:32 - HikariPool-1 - Added connection conn0: url=jdbc:h2:mem:pypm user=ROOT
2025-03-24 09:17:32 - HikariPool-1 - Start completed.
2025-03-24 09:17:32 - HHH000204: Processing PersistenceUnitInfo [name: default]
2025-03-24 09:17:33 - HHH000412: Hibernate ORM core version 6.6.8.Final
2025-03-24 09:17:33 - HHH000026: Second-level cache disabled
2025-03-24 09:17:33 - No LoadTimeWeaver setup: ignoring JPA class transformer
2025-03-24 09:17:33 - HHH90000025: H2Dialect does not need to be specified explicitly using 'hibernate.dialect' (remove the property setting and it will be selected by default)
2025-03-24 09:17:33 - HHH10001005: Database info:
	Database JDBC URL [Connecting through datasource 'HikariDataSource (HikariPool-1)']
	Database driver: undefined/unknown
	Database version: 2.3.232
	Autocommit mode: undefined/unknown
	Isolation level: undefined/unknown
	Minimum pool size: undefined/unknown
	Maximum pool size: undefined/unknown
2025-03-24 09:17:34 - HHH000489: No JTA platform available (set 'hibernate.transaction.jta.platform' to enable JTA platform integration)
2025-03-24 09:17:34 - Initialized JPA EntityManagerFactory for persistence unit 'default'
2025-03-24 09:17:35 - Hibernate is in classpath; If applicable, HQL parser will be used.
2025-03-24 09:17:35 - spring.jpa.open-in-view is enabled by default. Therefore, database queries may be performed during view rendering. Explicitly configure spring.jpa.open-in-view to disable this warning
2025-03-24 09:17:35 - Global AuthenticationManager configured with UserDetailsService bean with name customUserDetailsService
2025-03-24 09:17:36 - H2 console available at '/h2-console'. Database available at 'jdbc:h2:mem:pypm'
2025-03-24 09:17:36 - LiveReload server is running on port 35729
2025-03-24 09:17:36 - Tomcat started on port 8081 (http) with context path '/'
2025-03-24 09:17:36 - Started PayYouPayMeApplication in 7.195 seconds (process running for 7.673)
2025-03-24 09:18:06 - Initializing Spring DispatcherServlet 'dispatcherServlet'
2025-03-24 09:18:06 - Initializing Servlet 'dispatcherServlet'
2025-03-24 09:18:06 - Completed initialization in 1 ms
2025-03-24 09:24:01 - Restarting due to 1 class path change (0 additions, 0 deletions, 1 modification)
2025-03-24 09:24:01 - Commencing graceful shutdown. Waiting for active requests to complete
2025-03-24 09:24:01 - Graceful shutdown complete
2025-03-24 09:24:01 - Closing JPA EntityManagerFactory for persistence unit 'default'
2025-03-24 09:24:01 - Invocation of destroy method failed on bean with name 'inMemoryDatabaseShutdownExecutor': org.h2.jdbc.JdbcSQLNonTransientConnectionException: La base de données est déjà fermée (pour désactiver la fermeture automatique à l'arrêt de la VM, ajoutez "; DB_CLOSE_ON_EXIT = FALSE" à l'URL db)
Database is already closed (to disable automatic closing at VM shutdown, add ";DB_CLOSE_ON_EXIT=FALSE" to the db URL) [90121-232]
2025-03-24 09:24:01 - HikariPool-1 - Shutdown initiated...
2025-03-24 09:24:01 - HikariPool-1 - Shutdown completed.
2025-03-24 09:24:01 - Starting PayYouPayMeApplication using Java 21.0.2 with PID 9232 (C:\Users\desch\Downloads\PayYouPayMe\PayYouPayMe\target\classes started by desch in C:\Users\desch\Downloads\PayYouPayMe\PayYouPayMe)
2025-03-24 09:24:01 - No active profile set, falling back to 1 default profile: "default"
2025-03-24 09:24:01 - Bootstrapping Spring Data JPA repositories in DEFAULT mode.
2025-03-24 09:24:01 - Finished Spring Data repository scanning in 23 ms. Found 4 JPA repository interfaces.
2025-03-24 09:24:01 - Tomcat initialized with port 8081 (http)
2025-03-24 09:24:01 - Starting service [Tomcat]
2025-03-24 09:24:01 - Starting Servlet engine: [Apache Tomcat/10.1.36]
2025-03-24 09:24:01 - Initializing Spring embedded WebApplicationContext
2025-03-24 09:24:01 - Root WebApplicationContext: initialization completed in 458 ms
2025-03-24 09:24:02 - HikariPool-2 - Starting...
2025-03-24 09:24:02 - HikariPool-2 - Added connection conn10: url=jdbc:h2:mem:pypm user=ROOT
2025-03-24 09:24:02 - HikariPool-2 - Start completed.
2025-03-24 09:24:02 - HHH000204: Processing PersistenceUnitInfo [name: default]
2025-03-24 09:24:02 - HHH000026: Second-level cache disabled
2025-03-24 09:24:02 - No LoadTimeWeaver setup: ignoring JPA class transformer
2025-03-24 09:24:02 - HHH90000025: H2Dialect does not need to be specified explicitly using 'hibernate.dialect' (remove the property setting and it will be selected by default)
2025-03-24 09:24:02 - HHH10001005: Database info:
	Database JDBC URL [Connecting through datasource 'HikariDataSource (HikariPool-2)']
	Database driver: undefined/unknown
	Database version: 2.3.232
	Autocommit mode: undefined/unknown
	Isolation level: undefined/unknown
	Minimum pool size: undefined/unknown
	Maximum pool size: undefined/unknown
2025-03-24 09:24:02 - HHH000489: No JTA platform available (set 'hibernate.transaction.jta.platform' to enable JTA platform integration)
2025-03-24 09:24:02 - Initialized JPA EntityManagerFactory for persistence unit 'default'
2025-03-24 09:24:02 - spring.jpa.open-in-view is enabled by default. Therefore, database queries may be performed during view rendering. Explicitly configure spring.jpa.open-in-view to disable this warning
2025-03-24 09:24:02 - Global AuthenticationManager configured with UserDetailsService bean with name customUserDetailsService
2025-03-24 09:24:02 - H2 console available at '/h2-console'. Database available at 'jdbc:h2:mem:pypm'
2025-03-24 09:24:02 - LiveReload server is running on port 35729
2025-03-24 09:24:02 - Tomcat started on port 8081 (http) with context path '/'
2025-03-24 09:24:02 - Started PayYouPayMeApplication in 0.965 seconds (process running for 393.165)
2025-03-24 09:24:02 - Condition evaluation unchanged
2025-03-24 09:25:40 - Restarting due to 1 class path change (0 additions, 0 deletions, 1 modification)
2025-03-24 09:25:40 - Commencing graceful shutdown. Waiting for active requests to complete
2025-03-24 09:25:40 - Graceful shutdown complete
2025-03-24 09:25:40 - Closing JPA EntityManagerFactory for persistence unit 'default'
2025-03-24 09:25:40 - Invocation of destroy method failed on bean with name 'inMemoryDatabaseShutdownExecutor': org.h2.jdbc.JdbcSQLNonTransientConnectionException: La base de données est déjà fermée (pour désactiver la fermeture automatique à l'arrêt de la VM, ajoutez "; DB_CLOSE_ON_EXIT = FALSE" à l'URL db)
Database is already closed (to disable automatic closing at VM shutdown, add ";DB_CLOSE_ON_EXIT=FALSE" to the db URL) [90121-232]
2025-03-24 09:25:40 - HikariPool-2 - Shutdown initiated...
2025-03-24 09:25:40 - HikariPool-2 - Shutdown completed.
2025-03-24 09:25:40 - Starting PayYouPayMeApplication using Java 21.0.2 with PID 9232 (C:\Users\desch\Downloads\PayYouPayMe\PayYouPayMe\target\classes started by desch in C:\Users\desch\Downloads\PayYouPayMe\PayYouPayMe)
2025-03-24 09:25:40 - No active profile set, falling back to 1 default profile: "default"
2025-03-24 09:25:40 - Bootstrapping Spring Data JPA repositories in DEFAULT mode.
2025-03-24 09:25:40 - Finished Spring Data repository scanning in 18 ms. Found 4 JPA repository interfaces.
2025-03-24 09:25:40 - Tomcat initialized with port 8081 (http)
2025-03-24 09:25:40 - Starting service [Tomcat]
2025-03-24 09:25:40 - Starting Servlet engine: [Apache Tomcat/10.1.36]
2025-03-24 09:25:40 - Initializing Spring embedded WebApplicationContext
2025-03-24 09:25:40 - Root WebApplicationContext: initialization completed in 300 ms
2025-03-24 09:25:40 - HikariPool-3 - Starting...
2025-03-24 09:25:40 - HikariPool-3 - Added connection conn20: url=jdbc:h2:mem:pypm user=ROOT
2025-03-24 09:25:40 - HikariPool-3 - Start completed.
2025-03-24 09:25:40 - HHH000204: Processing PersistenceUnitInfo [name: default]
2025-03-24 09:25:40 - HHH000026: Second-level cache disabled
2025-03-24 09:25:41 - No LoadTimeWeaver setup: ignoring JPA class transformer
2025-03-24 09:25:41 - HHH90000025: H2Dialect does not need to be specified explicitly using 'hibernate.dialect' (remove the property setting and it will be selected by default)
2025-03-24 09:25:41 - HHH10001005: Database info:
	Database JDBC URL [Connecting through datasource 'HikariDataSource (HikariPool-3)']
	Database driver: undefined/unknown
	Database version: 2.3.232
	Autocommit mode: undefined/unknown
	Isolation level: undefined/unknown
	Minimum pool size: undefined/unknown
	Maximum pool size: undefined/unknown
2025-03-24 09:25:41 - HHH000489: No JTA platform available (set 'hibernate.transaction.jta.platform' to enable JTA platform integration)
2025-03-24 09:25:41 - Initialized JPA EntityManagerFactory for persistence unit 'default'
2025-03-24 09:25:41 - spring.jpa.open-in-view is enabled by default. Therefore, database queries may be performed during view rendering. Explicitly configure spring.jpa.open-in-view to disable this warning
2025-03-24 09:25:41 - Global AuthenticationManager configured with UserDetailsService bean with name customUserDetailsService
2025-03-24 09:25:41 - H2 console available at '/h2-console'. Database available at 'jdbc:h2:mem:pypm'
2025-03-24 09:25:41 - LiveReload server is running on port 35729
2025-03-24 09:25:41 - Tomcat started on port 8081 (http) with context path '/'
2025-03-24 09:25:41 - Started PayYouPayMeApplication in 0.705 seconds (process running for 492.041)
2025-03-24 09:25:41 - Condition evaluation unchanged
2025-03-24 09:25:59 - Restarting due to 1 class path change (0 additions, 0 deletions, 1 modification)
2025-03-24 09:25:59 - Commencing graceful shutdown. Waiting for active requests to complete
2025-03-24 09:25:59 - Graceful shutdown complete
2025-03-24 09:25:59 - Closing JPA EntityManagerFactory for persistence unit 'default'
2025-03-24 09:25:59 - Invocation of destroy method failed on bean with name 'inMemoryDatabaseShutdownExecutor': org.h2.jdbc.JdbcSQLNonTransientConnectionException: La base de données est déjà fermée (pour désactiver la fermeture automatique à l'arrêt de la VM, ajoutez "; DB_CLOSE_ON_EXIT = FALSE" à l'URL db)
Database is already closed (to disable automatic closing at VM shutdown, add ";DB_CLOSE_ON_EXIT=FALSE" to the db URL) [90121-232]
2025-03-24 09:25:59 - HikariPool-3 - Shutdown initiated...
2025-03-24 09:25:59 - HikariPool-3 - Shutdown completed.
2025-03-24 09:25:59 - Starting PayYouPayMeApplication using Java 21.0.2 with PID 9232 (C:\Users\desch\Downloads\PayYouPayMe\PayYouPayMe\target\classes started by desch in C:\Users\desch\Downloads\PayYouPayMe\PayYouPayMe)
2025-03-24 09:25:59 - No active profile set, falling back to 1 default profile: "default"
2025-03-24 09:25:59 - Bootstrapping Spring Data JPA repositories in DEFAULT mode.
2025-03-24 09:25:59 - Finished Spring Data repository scanning in 19 ms. Found 4 JPA repository interfaces.
2025-03-24 09:25:59 - Tomcat initialized with port 8081 (http)
2025-03-24 09:25:59 - Starting service [Tomcat]
2025-03-24 09:25:59 - Starting Servlet engine: [Apache Tomcat/10.1.36]
2025-03-24 09:25:59 - Initializing Spring embedded WebApplicationContext
2025-03-24 09:25:59 - Root WebApplicationContext: initialization completed in 277 ms
2025-03-24 09:25:59 - HikariPool-4 - Starting...
2025-03-24 09:25:59 - HikariPool-4 - Added connection conn30: url=jdbc:h2:mem:pypm user=ROOT
2025-03-24 09:25:59 - HikariPool-4 - Start completed.
2025-03-24 09:25:59 - HHH000204: Processing PersistenceUnitInfo [name: default]
2025-03-24 09:25:59 - HHH000026: Second-level cache disabled
2025-03-24 09:25:59 - No LoadTimeWeaver setup: ignoring JPA class transformer
2025-03-24 09:25:59 - HHH90000025: H2Dialect does not need to be specified explicitly using 'hibernate.dialect' (remove the property setting and it will be selected by default)
2025-03-24 09:25:59 - HHH10001005: Database info:
	Database JDBC URL [Connecting through datasource 'HikariDataSource (HikariPool-4)']
	Database driver: undefined/unknown
	Database version: 2.3.232
	Autocommit mode: undefined/unknown
	Isolation level: undefined/unknown
	Minimum pool size: undefined/unknown
	Maximum pool size: undefined/unknown
2025-03-24 09:25:59 - HHH000489: No JTA platform available (set 'hibernate.transaction.jta.platform' to enable JTA platform integration)
2025-03-24 09:25:59 - Initialized JPA EntityManagerFactory for persistence unit 'default'
2025-03-24 09:25:59 - spring.jpa.open-in-view is enabled by default. Therefore, database queries may be performed during view rendering. Explicitly configure spring.jpa.open-in-view to disable this warning
2025-03-24 09:25:59 - Global AuthenticationManager configured with UserDetailsService bean with name customUserDetailsService
2025-03-24 09:25:59 - H2 console available at '/h2-console'. Database available at 'jdbc:h2:mem:pypm'
2025-03-24 09:25:59 - LiveReload server is running on port 35729
2025-03-24 09:25:59 - Tomcat started on port 8081 (http) with context path '/'
2025-03-24 09:25:59 - Started PayYouPayMeApplication in 0.657 seconds (process running for 510.514)
2025-03-24 09:25:59 - Condition evaluation unchanged
2025-03-24 09:27:35 - Restarting due to 1 class path change (0 additions, 0 deletions, 1 modification)
2025-03-24 09:27:35 - Commencing graceful shutdown. Waiting for active requests to complete
2025-03-24 09:27:35 - Graceful shutdown complete
2025-03-24 09:27:35 - Closing JPA EntityManagerFactory for persistence unit 'default'
2025-03-24 09:27:35 - Invocation of destroy method failed on bean with name 'inMemoryDatabaseShutdownExecutor': org.h2.jdbc.JdbcSQLNonTransientConnectionException: La base de données est déjà fermée (pour désactiver la fermeture automatique à l'arrêt de la VM, ajoutez "; DB_CLOSE_ON_EXIT = FALSE" à l'URL db)
Database is already closed (to disable automatic closing at VM shutdown, add ";DB_CLOSE_ON_EXIT=FALSE" to the db URL) [90121-232]
2025-03-24 09:27:35 - HikariPool-4 - Shutdown initiated...
2025-03-24 09:27:35 - HikariPool-4 - Shutdown completed.
2025-03-24 09:27:36 - Starting PayYouPayMeApplication using Java 21.0.2 with PID 9232 (C:\Users\desch\Downloads\PayYouPayMe\PayYouPayMe\target\classes started by desch in C:\Users\desch\Downloads\PayYouPayMe\PayYouPayMe)
2025-03-24 09:27:36 - No active profile set, falling back to 1 default profile: "default"
2025-03-24 09:27:36 - Bootstrapping Spring Data JPA repositories in DEFAULT mode.
2025-03-24 09:27:36 - Finished Spring Data repository scanning in 17 ms. Found 4 JPA repository interfaces.
2025-03-24 09:27:36 - Tomcat initialized with port 8081 (http)
2025-03-24 09:27:36 - Starting service [Tomcat]
2025-03-24 09:27:36 - Starting Servlet engine: [Apache Tomcat/10.1.36]
2025-03-24 09:27:36 - Initializing Spring embedded WebApplicationContext
2025-03-24 09:27:36 - Root WebApplicationContext: initialization completed in 319 ms
2025-03-24 09:27:36 - HikariPool-5 - Starting...
2025-03-24 09:27:36 - HikariPool-5 - Added connection conn40: url=jdbc:h2:mem:pypm user=ROOT
2025-03-24 09:27:36 - HikariPool-5 - Start completed.
2025-03-24 09:27:36 - HHH000204: Processing PersistenceUnitInfo [name: default]
2025-03-24 09:27:36 - HHH000026: Second-level cache disabled
2025-03-24 09:27:36 - No LoadTimeWeaver setup: ignoring JPA class transformer
2025-03-24 09:27:36 - HHH90000025: H2Dialect does not need to be specified explicitly using 'hibernate.dialect' (remove the property setting and it will be selected by default)
2025-03-24 09:27:36 - HHH10001005: Database info:
	Database JDBC URL [Connecting through datasource 'HikariDataSource (HikariPool-5)']
	Database driver: undefined/unknown
	Database version: 2.3.232
	Autocommit mode: undefined/unknown
	Isolation level: undefined/unknown
	Minimum pool size: undefined/unknown
	Maximum pool size: undefined/unknown
2025-03-24 09:27:36 - HHH000489: No JTA platform available (set 'hibernate.transaction.jta.platform' to enable JTA platform integration)
2025-03-24 09:27:36 - Initialized JPA EntityManagerFactory for persistence unit 'default'
2025-03-24 09:27:36 - spring.jpa.open-in-view is enabled by default. Therefore, database queries may be performed during view rendering. Explicitly configure spring.jpa.open-in-view to disable this warning
2025-03-24 09:27:36 - Global AuthenticationManager configured with UserDetailsService bean with name customUserDetailsService
2025-03-24 09:27:36 - H2 console available at '/h2-console'. Database available at 'jdbc:h2:mem:pypm'
2025-03-24 09:27:36 - LiveReload server is running on port 35729
2025-03-24 09:27:36 - Tomcat started on port 8081 (http) with context path '/'
2025-03-24 09:27:36 - Started PayYouPayMeApplication in 0.668 seconds (process running for 607.379)
2025-03-24 09:27:36 - Condition evaluation unchanged
2025-03-24 09:27:57 - Restarting due to 1 class path change (0 additions, 0 deletions, 1 modification)
2025-03-24 09:27:57 - Commencing graceful shutdown. Waiting for active requests to complete
2025-03-24 09:27:57 - Graceful shutdown complete
2025-03-24 09:27:57 - Closing JPA EntityManagerFactory for persistence unit 'default'
2025-03-24 09:27:57 - Invocation of destroy method failed on bean with name 'inMemoryDatabaseShutdownExecutor': org.h2.jdbc.JdbcSQLNonTransientConnectionException: La base de données est déjà fermée (pour désactiver la fermeture automatique à l'arrêt de la VM, ajoutez "; DB_CLOSE_ON_EXIT = FALSE" à l'URL db)
Database is already closed (to disable automatic closing at VM shutdown, add ";DB_CLOSE_ON_EXIT=FALSE" to the db URL) [90121-232]
2025-03-24 09:27:57 - HikariPool-5 - Shutdown initiated...
2025-03-24 09:27:57 - HikariPool-5 - Shutdown completed.
2025-03-24 09:27:57 - Starting PayYouPayMeApplication using Java 21.0.2 with PID 9232 (C:\Users\desch\Downloads\PayYouPayMe\PayYouPayMe\target\classes started by desch in C:\Users\desch\Downloads\PayYouPayMe\PayYouPayMe)
2025-03-24 09:27:57 - No active profile set, falling back to 1 default profile: "default"
2025-03-24 09:27:57 - Bootstrapping Spring Data JPA repositories in DEFAULT mode.
2025-03-24 09:27:57 - Finished Spring Data repository scanning in 16 ms. Found 4 JPA repository interfaces.
2025-03-24 09:27:57 - Tomcat initialized with port 8081 (http)
2025-03-24 09:27:57 - Starting service [Tomcat]
2025-03-24 09:27:57 - Starting Servlet engine: [Apache Tomcat/10.1.36]
2025-03-24 09:27:57 - Initializing Spring embedded WebApplicationContext
2025-03-24 09:27:57 - Root WebApplicationContext: initialization completed in 264 ms
2025-03-24 09:27:57 - HikariPool-6 - Starting...
2025-03-24 09:27:57 - HikariPool-6 - Added connection conn50: url=jdbc:h2:mem:pypm user=ROOT
2025-03-24 09:27:57 - HikariPool-6 - Start completed.
2025-03-24 09:27:57 - HHH000204: Processing PersistenceUnitInfo [name: default]
2025-03-24 09:27:57 - HHH000026: Second-level cache disabled
2025-03-24 09:27:57 - No LoadTimeWeaver setup: ignoring JPA class transformer
2025-03-24 09:27:57 - HHH90000025: H2Dialect does not need to be specified explicitly using 'hibernate.dialect' (remove the property setting and it will be selected by default)
2025-03-24 09:27:57 - HHH10001005: Database info:
	Database JDBC URL [Connecting through datasource 'HikariDataSource (HikariPool-6)']
	Database driver: undefined/unknown
	Database version: 2.3.232
	Autocommit mode: undefined/unknown
	Isolation level: undefined/unknown
	Minimum pool size: undefined/unknown
	Maximum pool size: undefined/unknown
2025-03-24 09:27:57 - HHH000489: No JTA platform available (set 'hibernate.transaction.jta.platform' to enable JTA platform integration)
2025-03-24 09:27:57 - Initialized JPA EntityManagerFactory for persistence unit 'default'
2025-03-24 09:27:58 - spring.jpa.open-in-view is enabled by default. Therefore, database queries may be performed during view rendering. Explicitly configure spring.jpa.open-in-view to disable this warning
2025-03-24 09:27:58 - Global AuthenticationManager configured with UserDetailsService bean with name customUserDetailsService
2025-03-24 09:27:58 - H2 console available at '/h2-console'. Database available at 'jdbc:h2:mem:pypm'
2025-03-24 09:27:58 - LiveReload server is running on port 35729
2025-03-24 09:27:58 - Tomcat started on port 8081 (http) with context path '/'
2025-03-24 09:27:58 - Started PayYouPayMeApplication in 0.61 seconds (process running for 628.853)
2025-03-24 09:27:58 - Condition evaluation unchanged
2025-03-24 09:28:22 - Restarting due to 1 class path change (0 additions, 0 deletions, 1 modification)
2025-03-24 09:28:22 - Commencing graceful shutdown. Waiting for active requests to complete
2025-03-24 09:28:22 - Graceful shutdown complete
2025-03-24 09:28:22 - Closing JPA EntityManagerFactory for persistence unit 'default'
2025-03-24 09:28:22 - Invocation of destroy method failed on bean with name 'inMemoryDatabaseShutdownExecutor': org.h2.jdbc.JdbcSQLNonTransientConnectionException: La base de données est déjà fermée (pour désactiver la fermeture automatique à l'arrêt de la VM, ajoutez "; DB_CLOSE_ON_EXIT = FALSE" à l'URL db)
Database is already closed (to disable automatic closing at VM shutdown, add ";DB_CLOSE_ON_EXIT=FALSE" to the db URL) [90121-232]
2025-03-24 09:28:22 - HikariPool-6 - Shutdown initiated...
2025-03-24 09:28:22 - HikariPool-6 - Shutdown completed.
2025-03-24 09:28:23 - Starting PayYouPayMeApplication using Java 21.0.2 with PID 9232 (C:\Users\desch\Downloads\PayYouPayMe\PayYouPayMe\target\classes started by desch in C:\Users\desch\Downloads\PayYouPayMe\PayYouPayMe)
2025-03-24 09:28:23 - No active profile set, falling back to 1 default profile: "default"
2025-03-24 09:28:23 - Bootstrapping Spring Data JPA repositories in DEFAULT mode.
2025-03-24 09:28:23 - Finished Spring Data repository scanning in 20 ms. Found 4 JPA repository interfaces.
2025-03-24 09:28:23 - Tomcat initialized with port 8081 (http)
2025-03-24 09:28:23 - Starting service [Tomcat]
2025-03-24 09:28:23 - Starting Servlet engine: [Apache Tomcat/10.1.36]
2025-03-24 09:28:23 - Initializing Spring embedded WebApplicationContext
2025-03-24 09:28:23 - Root WebApplicationContext: initialization completed in 263 ms
2025-03-24 09:28:23 - HikariPool-7 - Starting...
2025-03-24 09:28:23 - HikariPool-7 - Added connection conn60: url=jdbc:h2:mem:pypm user=ROOT
2025-03-24 09:28:23 - HikariPool-7 - Start completed.
2025-03-24 09:28:23 - HHH000204: Processing PersistenceUnitInfo [name: default]
2025-03-24 09:28:23 - HHH000026: Second-level cache disabled
2025-03-24 09:28:23 - No LoadTimeWeaver setup: ignoring JPA class transformer
2025-03-24 09:28:23 - HHH90000025: H2Dialect does not need to be specified explicitly using 'hibernate.dialect' (remove the property setting and it will be selected by default)
2025-03-24 09:28:23 - HHH10001005: Database info:
	Database JDBC URL [Connecting through datasource 'HikariDataSource (HikariPool-7)']
	Database driver: undefined/unknown
	Database version: 2.3.232
	Autocommit mode: undefined/unknown
	Isolation level: undefined/unknown
	Minimum pool size: undefined/unknown
	Maximum pool size: undefined/unknown
2025-03-24 09:28:23 - HHH000489: No JTA platform available (set 'hibernate.transaction.jta.platform' to enable JTA platform integration)
2025-03-24 09:28:23 - Initialized JPA EntityManagerFactory for persistence unit 'default'
2025-03-24 09:28:23 - spring.jpa.open-in-view is enabled by default. Therefore, database queries may be performed during view rendering. Explicitly configure spring.jpa.open-in-view to disable this warning
2025-03-24 09:28:23 - Global AuthenticationManager configured with UserDetailsService bean with name customUserDetailsService
2025-03-24 09:28:23 - H2 console available at '/h2-console'. Database available at 'jdbc:h2:mem:pypm'
2025-03-24 09:28:23 - LiveReload server is running on port 35729
2025-03-24 09:28:23 - Tomcat started on port 8081 (http) with context path '/'
2025-03-24 09:28:23 - Started PayYouPayMeApplication in 0.62 seconds (process running for 654.393)
2025-03-24 09:28:23 - Condition evaluation unchanged
2025-03-24 09:37:31 - Starting PayYouPayMeApplication using Java 21.0.2 with PID 16492 (C:\Users\desch\Downloads\PayYouPayMe\PayYouPayMe\target\classes started by desch in C:\Users\desch\Downloads\PayYouPayMe\PayYouPayMe)
2025-03-24 09:37:31 - No active profile set, falling back to 1 default profile: "default"
2025-03-24 09:37:32 - Devtools property defaults active! Set 'spring.devtools.add-properties' to 'false' to disable
2025-03-24 09:37:32 - For additional web related logging consider setting the 'logging.level.web' property to 'DEBUG'
2025-03-24 09:37:32 - Bootstrapping Spring Data JPA repositories in DEFAULT mode.
2025-03-24 09:37:32 - Finished Spring Data repository scanning in 57 ms. Found 4 JPA repository interfaces.
2025-03-24 09:37:33 - Tomcat initialized with port 8081 (http)
2025-03-24 09:37:33 - Starting service [Tomcat]
2025-03-24 09:37:33 - Starting Servlet engine: [Apache Tomcat/10.1.36]
2025-03-24 09:37:33 - Initializing Spring embedded WebApplicationContext
2025-03-24 09:37:33 - Root WebApplicationContext: initialization completed in 1753 ms
2025-03-24 09:37:33 - HikariPool-1 - Starting...
2025-03-24 09:37:34 - HikariPool-1 - Added connection conn0: url=jdbc:h2:mem:pypm user=ROOT
2025-03-24 09:37:34 - HikariPool-1 - Start completed.
2025-03-24 09:37:34 - HHH000204: Processing PersistenceUnitInfo [name: default]
2025-03-24 09:37:34 - HHH000412: Hibernate ORM core version 6.6.8.Final
2025-03-24 09:37:34 - HHH000026: Second-level cache disabled
2025-03-24 09:37:34 - No LoadTimeWeaver setup: ignoring JPA class transformer
2025-03-24 09:37:34 - HHH90000025: H2Dialect does not need to be specified explicitly using 'hibernate.dialect' (remove the property setting and it will be selected by default)
2025-03-24 09:37:34 - HHH10001005: Database info:
	Database JDBC URL [Connecting through datasource 'HikariDataSource (HikariPool-1)']
	Database driver: undefined/unknown
	Database version: 2.3.232
	Autocommit mode: undefined/unknown
	Isolation level: undefined/unknown
	Minimum pool size: undefined/unknown
	Maximum pool size: undefined/unknown
2025-03-24 09:37:35 - HHH000489: No JTA platform available (set 'hibernate.transaction.jta.platform' to enable JTA platform integration)
2025-03-24 09:37:35 - Initialized JPA EntityManagerFactory for persistence unit 'default'
2025-03-24 09:37:36 - Hibernate is in classpath; If applicable, HQL parser will be used.
2025-03-24 09:37:36 - spring.jpa.open-in-view is enabled by default. Therefore, database queries may be performed during view rendering. Explicitly configure spring.jpa.open-in-view to disable this warning
2025-03-24 09:37:36 - Global AuthenticationManager configured with UserDetailsService bean with name customUserDetailsService
2025-03-24 09:37:37 - H2 console available at '/h2-console'. Database available at 'jdbc:h2:mem:pypm'
2025-03-24 09:37:37 - LiveReload server is running on port 35729
2025-03-24 09:37:37 - Tomcat started on port 8081 (http) with context path '/'
2025-03-24 09:37:37 - Started PayYouPayMeApplication in 6.577 seconds (process running for 7.021)
2025-03-24 09:37:43 - Initializing Spring DispatcherServlet 'dispatcherServlet'
2025-03-24 09:37:43 - Initializing Servlet 'dispatcherServlet'
2025-03-24 09:37:43 - Completed initialization in 1 ms
2025-03-24 09:40:00 - Restarting due to 1 class path change (0 additions, 0 deletions, 1 modification)
2025-03-24 09:40:00 - Commencing graceful shutdown. Waiting for active requests to complete
2025-03-24 09:40:00 - Graceful shutdown complete
2025-03-24 09:40:00 - Closing JPA EntityManagerFactory for persistence unit 'default'
2025-03-24 09:40:00 - Invocation of destroy method failed on bean with name 'inMemoryDatabaseShutdownExecutor': org.h2.jdbc.JdbcSQLNonTransientConnectionException: La base de données est déjà fermée (pour désactiver la fermeture automatique à l'arrêt de la VM, ajoutez "; DB_CLOSE_ON_EXIT = FALSE" à l'URL db)
Database is already closed (to disable automatic closing at VM shutdown, add ";DB_CLOSE_ON_EXIT=FALSE" to the db URL) [90121-232]
2025-03-24 09:40:00 - HikariPool-1 - Shutdown initiated...
2025-03-24 09:40:00 - HikariPool-1 - Shutdown completed.
2025-03-24 09:40:00 - Starting PayYouPayMeApplication using Java 21.0.2 with PID 16492 (C:\Users\desch\Downloads\PayYouPayMe\PayYouPayMe\target\classes started by desch in C:\Users\desch\Downloads\PayYouPayMe\PayYouPayMe)
2025-03-24 09:40:00 - No active profile set, falling back to 1 default profile: "default"
2025-03-24 09:40:00 - Bootstrapping Spring Data JPA repositories in DEFAULT mode.
2025-03-24 09:40:00 - Finished Spring Data repository scanning in 16 ms. Found 4 JPA repository interfaces.
2025-03-24 09:40:00 - Tomcat initialized with port 8081 (http)
2025-03-24 09:40:00 - Starting service [Tomcat]
2025-03-24 09:40:00 - Starting Servlet engine: [Apache Tomcat/10.1.36]
2025-03-24 09:40:00 - Initializing Spring embedded WebApplicationContext
2025-03-24 09:40:00 - Root WebApplicationContext: initialization completed in 405 ms
2025-03-24 09:40:00 - HikariPool-2 - Starting...
2025-03-24 09:40:00 - HikariPool-2 - Added connection conn11: url=jdbc:h2:mem:pypm user=ROOT
2025-03-24 09:40:00 - HikariPool-2 - Start completed.
2025-03-24 09:40:00 - HHH000204: Processing PersistenceUnitInfo [name: default]
2025-03-24 09:40:00 - HHH000026: Second-level cache disabled
2025-03-24 09:40:00 - No LoadTimeWeaver setup: ignoring JPA class transformer
2025-03-24 09:40:00 - HHH90000025: H2Dialect does not need to be specified explicitly using 'hibernate.dialect' (remove the property setting and it will be selected by default)
2025-03-24 09:40:00 - HHH10001005: Database info:
	Database JDBC URL [Connecting through datasource 'HikariDataSource (HikariPool-2)']
	Database driver: undefined/unknown
	Database version: 2.3.232
	Autocommit mode: undefined/unknown
	Isolation level: undefined/unknown
	Minimum pool size: undefined/unknown
	Maximum pool size: undefined/unknown
2025-03-24 09:40:01 - HHH000489: No JTA platform available (set 'hibernate.transaction.jta.platform' to enable JTA platform integration)
2025-03-24 09:40:01 - Initialized JPA EntityManagerFactory for persistence unit 'default'
2025-03-24 09:40:01 - spring.jpa.open-in-view is enabled by default. Therefore, database queries may be performed during view rendering. Explicitly configure spring.jpa.open-in-view to disable this warning
2025-03-24 09:40:01 - Global AuthenticationManager configured with UserDetailsService bean with name customUserDetailsService
2025-03-24 09:40:01 - H2 console available at '/h2-console'. Database available at 'jdbc:h2:mem:pypm'
2025-03-24 09:40:01 - LiveReload server is running on port 35729
2025-03-24 09:40:01 - Tomcat started on port 8081 (http) with context path '/'
2025-03-24 09:40:01 - Started PayYouPayMeApplication in 0.855 seconds (process running for 150.3)
2025-03-24 09:40:01 - Condition evaluation unchanged
2025-03-24 09:40:05 - Initializing Spring DispatcherServlet 'dispatcherServlet'
2025-03-24 09:40:05 - Initializing Servlet 'dispatcherServlet'
2025-03-24 09:40:05 - Completed initialization in 1 ms
2025-03-24 09:41:31 - Restarting due to 1 class path change (0 additions, 0 deletions, 1 modification)
2025-03-24 09:41:31 - Commencing graceful shutdown. Waiting for active requests to complete
2025-03-24 09:41:31 - Graceful shutdown complete
2025-03-24 09:41:31 - Closing JPA EntityManagerFactory for persistence unit 'default'
2025-03-24 09:41:31 - Invocation of destroy method failed on bean with name 'inMemoryDatabaseShutdownExecutor': org.h2.jdbc.JdbcSQLNonTransientConnectionException: La base de données est déjà fermée (pour désactiver la fermeture automatique à l'arrêt de la VM, ajoutez "; DB_CLOSE_ON_EXIT = FALSE" à l'URL db)
Database is already closed (to disable automatic closing at VM shutdown, add ";DB_CLOSE_ON_EXIT=FALSE" to the db URL) [90121-232]
2025-03-24 09:41:31 - HikariPool-2 - Shutdown initiated...
2025-03-24 09:41:31 - HikariPool-2 - Shutdown completed.
2025-03-24 09:41:31 - Starting PayYouPayMeApplication using Java 21.0.2 with PID 16492 (C:\Users\desch\Downloads\PayYouPayMe\PayYouPayMe\target\classes started by desch in C:\Users\desch\Downloads\PayYouPayMe\PayYouPayMe)
2025-03-24 09:41:31 - No active profile set, falling back to 1 default profile: "default"
2025-03-24 09:41:31 - Bootstrapping Spring Data JPA repositories in DEFAULT mode.
2025-03-24 09:41:31 - Finished Spring Data repository scanning in 16 ms. Found 4 JPA repository interfaces.
2025-03-24 09:41:31 - Tomcat initialized with port 8081 (http)
2025-03-24 09:41:31 - Starting service [Tomcat]
2025-03-24 09:41:31 - Starting Servlet engine: [Apache Tomcat/10.1.36]
2025-03-24 09:41:31 - Initializing Spring embedded WebApplicationContext
2025-03-24 09:41:31 - Root WebApplicationContext: initialization completed in 311 ms
2025-03-24 09:41:31 - HikariPool-3 - Starting...
2025-03-24 09:41:31 - HikariPool-3 - Added connection conn22: url=jdbc:h2:mem:pypm user=ROOT
2025-03-24 09:41:31 - HikariPool-3 - Start completed.
2025-03-24 09:41:31 - HHH000204: Processing PersistenceUnitInfo [name: default]
2025-03-24 09:41:31 - HHH000026: Second-level cache disabled
2025-03-24 09:41:31 - No LoadTimeWeaver setup: ignoring JPA class transformer
2025-03-24 09:41:31 - HHH90000025: H2Dialect does not need to be specified explicitly using 'hibernate.dialect' (remove the property setting and it will be selected by default)
2025-03-24 09:41:31 - HHH10001005: Database info:
	Database JDBC URL [Connecting through datasource 'HikariDataSource (HikariPool-3)']
	Database driver: undefined/unknown
	Database version: 2.3.232
	Autocommit mode: undefined/unknown
	Isolation level: undefined/unknown
	Minimum pool size: undefined/unknown
	Maximum pool size: undefined/unknown
2025-03-24 09:41:31 - HHH000489: No JTA platform available (set 'hibernate.transaction.jta.platform' to enable JTA platform integration)
2025-03-24 09:41:31 - Initialized JPA EntityManagerFactory for persistence unit 'default'
2025-03-24 09:41:32 - spring.jpa.open-in-view is enabled by default. Therefore, database queries may be performed during view rendering. Explicitly configure spring.jpa.open-in-view to disable this warning
2025-03-24 09:41:32 - Global AuthenticationManager configured with UserDetailsService bean with name customUserDetailsService
2025-03-24 09:41:32 - H2 console available at '/h2-console'. Database available at 'jdbc:h2:mem:pypm'
2025-03-24 09:41:32 - LiveReload server is running on port 35729
2025-03-24 09:41:32 - Tomcat started on port 8081 (http) with context path '/'
2025-03-24 09:41:32 - Started PayYouPayMeApplication in 0.724 seconds (process running for 241.206)
2025-03-24 09:41:32 - Condition evaluation unchanged
2025-03-24 09:41:34 - Initializing Spring DispatcherServlet 'dispatcherServlet'
2025-03-24 09:41:34 - Initializing Servlet 'dispatcherServlet'
2025-03-24 09:41:34 - Completed initialization in 1 ms
2025-03-24 09:41:51 - [THYMELEAF][http-nio-8081-exec-2] Exception processing template "login": Error resolving template [login], template might not exist or might not be accessible by any of the configured Template Resolvers
org.thymeleaf.exceptions.TemplateInputException: Error resolving template [login], template might not exist or might not be accessible by any of the configured Template Resolvers
	at org.thymeleaf.engine.TemplateManager.resolveTemplate(TemplateManager.java:869)
	at org.thymeleaf.engine.TemplateManager.parseAndProcess(TemplateManager.java:607)
	at org.thymeleaf.TemplateEngine.process(TemplateEngine.java:1103)
	at org.thymeleaf.TemplateEngine.process(TemplateEngine.java:1077)
	at org.thymeleaf.spring6.view.ThymeleafView.renderFragment(ThymeleafView.java:372)
	at org.thymeleaf.spring6.view.ThymeleafView.render(ThymeleafView.java:192)
	at org.springframework.web.servlet.DispatcherServlet.render(DispatcherServlet.java:1435)
	at org.springframework.web.servlet.DispatcherServlet.processDispatchResult(DispatcherServlet.java:1167)
	at org.springframework.web.servlet.DispatcherServlet.doDispatch(DispatcherServlet.java:1105)
	at org.springframework.web.servlet.DispatcherServlet.doService(DispatcherServlet.java:978)
	at org.springframework.web.servlet.FrameworkServlet.processRequest(FrameworkServlet.java:1014)
	at org.springframework.web.servlet.FrameworkServlet.doPost(FrameworkServlet.java:914)
	at jakarta.servlet.http.HttpServlet.service(HttpServlet.java:590)
	at org.springframework.web.servlet.FrameworkServlet.service(FrameworkServlet.java:885)
	at jakarta.servlet.http.HttpServlet.service(HttpServlet.java:658)
	at org.apache.catalina.core.ApplicationFilterChain.internalDoFilter(ApplicationFilterChain.java:195)
	at org.apache.catalina.core.ApplicationFilterChain.doFilter(ApplicationFilterChain.java:140)
	at org.apache.tomcat.websocket.server.WsFilter.doFilter(WsFilter.java:51)
	at org.apache.catalina.core.ApplicationFilterChain.internalDoFilter(ApplicationFilterChain.java:164)
	at org.apache.catalina.core.ApplicationFilterChain.doFilter(ApplicationFilterChain.java:140)
	at org.springframework.web.filter.CompositeFilter$VirtualFilterChain.doFilter(CompositeFilter.java:108)
	at org.springframework.security.web.FilterChainProxy.lambda$doFilterInternal$3(FilterChainProxy.java:231)
	at org.springframework.security.web.FilterChainProxy$VirtualFilterChain.doFilter(FilterChainProxy.java:365)
	at org.springframework.security.web.access.intercept.AuthorizationFilter.doFilter(AuthorizationFilter.java:101)
	at org.springframework.security.web.FilterChainProxy$VirtualFilterChain.doFilter(FilterChainProxy.java:374)
	at org.springframework.security.web.access.ExceptionTranslationFilter.doFilter(ExceptionTranslationFilter.java:126)
	at org.springframework.security.web.access.ExceptionTranslationFilter.doFilter(ExceptionTranslationFilter.java:120)
	at org.springframework.security.web.FilterChainProxy$VirtualFilterChain.doFilter(FilterChainProxy.java:374)
	at org.springframework.security.web.authentication.AnonymousAuthenticationFilter.doFilter(AnonymousAuthenticationFilter.java:100)
	at org.springframework.security.web.FilterChainProxy$VirtualFilterChain.doFilter(FilterChainProxy.java:374)
	at org.springframework.security.web.servletapi.SecurityContextHolderAwareRequestFilter.doFilter(SecurityContextHolderAwareRequestFilter.java:179)
	at org.springframework.security.web.FilterChainProxy$VirtualFilterChain.doFilter(FilterChainProxy.java:374)
	at org.springframework.security.web.savedrequest.RequestCacheAwareFilter.doFilter(RequestCacheAwareFilter.java:63)
	at org.springframework.security.web.FilterChainProxy$VirtualFilterChain.doFilter(FilterChainProxy.java:374)
	at org.springframework.security.web.authentication.ui.DefaultLogoutPageGeneratingFilter.doFilterInternal(DefaultLogoutPageGeneratingFilter.java:58)
	at org.springframework.web.filter.OncePerRequestFilter.doFilter(OncePerRequestFilter.java:116)
	at org.springframework.security.web.FilterChainProxy$VirtualFilterChain.doFilter(FilterChainProxy.java:374)
	at org.springframework.security.web.authentication.ui.DefaultLoginPageGeneratingFilter.doFilter(DefaultLoginPageGeneratingFilter.java:220)
	at org.springframework.security.web.authentication.ui.DefaultLoginPageGeneratingFilter.doFilter(DefaultLoginPageGeneratingFilter.java:206)
	at org.springframework.security.web.FilterChainProxy$VirtualFilterChain.doFilter(FilterChainProxy.java:374)
	at org.springframework.security.web.authentication.ui.DefaultResourcesFilter.doFilter(DefaultResourcesFilter.java:72)
	at org.springframework.security.web.FilterChainProxy$VirtualFilterChain.doFilter(FilterChainProxy.java:374)
	at org.springframework.security.web.authentication.AbstractAuthenticationProcessingFilter.doFilter(AbstractAuthenticationProcessingFilter.java:227)
	at org.springframework.security.web.authentication.AbstractAuthenticationProcessingFilter.doFilter(AbstractAuthenticationProcessingFilter.java:221)
	at org.springframework.security.web.FilterChainProxy$VirtualFilterChain.doFilter(FilterChainProxy.java:374)
	at org.springframework.security.web.authentication.logout.LogoutFilter.doFilter(LogoutFilter.java:107)
	at org.springframework.security.web.authentication.logout.LogoutFilter.doFilter(LogoutFilter.java:93)
	at org.springframework.security.web.FilterChainProxy$VirtualFilterChain.doFilter(FilterChainProxy.java:374)
	at org.springframework.security.web.csrf.CsrfFilter.doFilterInternal(CsrfFilter.java:131)
	at org.springframework.web.filter.OncePerRequestFilter.doFilter(OncePerRequestFilter.java:116)
	at org.springframework.security.web.FilterChainProxy$VirtualFilterChain.doFilter(FilterChainProxy.java:374)
	at org.springframework.security.web.header.HeaderWriterFilter.doHeadersAfter(HeaderWriterFilter.java:90)
	at org.springframework.security.web.header.HeaderWriterFilter.doFilterInternal(HeaderWriterFilter.java:75)
	at org.springframework.web.filter.OncePerRequestFilter.doFilter(OncePerRequestFilter.java:116)
	at org.springframework.security.web.FilterChainProxy$VirtualFilterChain.doFilter(FilterChainProxy.java:374)
	at org.springframework.security.web.context.SecurityContextHolderFilter.doFilter(SecurityContextHolderFilter.java:82)
	at org.springframework.security.web.context.SecurityContextHolderFilter.doFilter(SecurityContextHolderFilter.java:69)
	at org.springframework.security.web.FilterChainProxy$VirtualFilterChain.doFilter(FilterChainProxy.java:374)
	at org.springframework.security.web.context.request.async.WebAsyncManagerIntegrationFilter.doFilterInternal(WebAsyncManagerIntegrationFilter.java:62)
	at org.springframework.web.filter.OncePerRequestFilter.doFilter(OncePerRequestFilter.java:116)
	at org.springframework.security.web.FilterChainProxy$VirtualFilterChain.doFilter(FilterChainProxy.java:374)
	at org.springframework.security.web.session.DisableEncodeUrlFilter.doFilterInternal(DisableEncodeUrlFilter.java:42)
	at org.springframework.web.filter.OncePerRequestFilter.doFilter(OncePerRequestFilter.java:116)
	at org.springframework.security.web.FilterChainProxy$VirtualFilterChain.doFilter(FilterChainProxy.java:374)
	at org.springframework.security.web.FilterChainProxy.doFilterInternal(FilterChainProxy.java:233)
	at org.springframework.security.web.FilterChainProxy.doFilter(FilterChainProxy.java:191)
	at org.springframework.web.filter.CompositeFilter$VirtualFilterChain.doFilter(CompositeFilter.java:113)
	at org.springframework.web.servlet.handler.HandlerMappingIntrospector.lambda$createCacheFilter$3(HandlerMappingIntrospector.java:243)
	at org.springframework.web.filter.CompositeFilter$VirtualFilterChain.doFilter(CompositeFilter.java:113)
	at org.springframework.web.filter.CompositeFilter.doFilter(CompositeFilter.java:74)
	at org.springframework.security.config.annotation.web.configuration.WebMvcSecurityConfiguration$CompositeFilterChainProxy.doFilter(WebMvcSecurityConfiguration.java:238)
	at org.springframework.web.filter.DelegatingFilterProxy.invokeDelegate(DelegatingFilterProxy.java:362)
	at org.springframework.web.filter.DelegatingFilterProxy.doFilter(DelegatingFilterProxy.java:278)
	at org.apache.catalina.core.ApplicationFilterChain.internalDoFilter(ApplicationFilterChain.java:164)
	at org.apache.catalina.core.ApplicationFilterChain.doFilter(ApplicationFilterChain.java:140)
	at org.springframework.web.filter.RequestContextFilter.doFilterInternal(RequestContextFilter.java:100)
	at org.springframework.web.filter.OncePerRequestFilter.doFilter(OncePerRequestFilter.java:116)
	at org.apache.catalina.core.ApplicationFilterChain.internalDoFilter(ApplicationFilterChain.java:164)
	at org.apache.catalina.core.ApplicationFilterChain.doFilter(ApplicationFilterChain.java:140)
	at org.springframework.web.filter.FormContentFilter.doFilterInternal(FormContentFilter.java:93)
	at org.springframework.web.filter.OncePerRequestFilter.doFilter(OncePerRequestFilter.java:116)
	at org.apache.catalina.core.ApplicationFilterChain.internalDoFilter(ApplicationFilterChain.java:164)
	at org.apache.catalina.core.ApplicationFilterChain.doFilter(ApplicationFilterChain.java:140)
	at org.springframework.web.filter.CharacterEncodingFilter.doFilterInternal(CharacterEncodingFilter.java:201)
	at org.springframework.web.filter.OncePerRequestFilter.doFilter(OncePerRequestFilter.java:116)
	at org.apache.catalina.core.ApplicationFilterChain.internalDoFilter(ApplicationFilterChain.java:164)
	at org.apache.catalina.core.ApplicationFilterChain.doFilter(ApplicationFilterChain.java:140)
	at org.apache.catalina.core.StandardWrapperValve.invoke(StandardWrapperValve.java:167)
	at org.apache.catalina.core.StandardContextValve.invoke(StandardContextValve.java:90)
	at org.apache.catalina.authenticator.AuthenticatorBase.invoke(AuthenticatorBase.java:483)
	at org.apache.catalina.core.StandardHostValve.invoke(StandardHostValve.java:115)
	at org.apache.catalina.valves.ErrorReportValve.invoke(ErrorReportValve.java:93)
	at org.apache.catalina.core.StandardEngineValve.invoke(StandardEngineValve.java:74)
	at org.apache.catalina.connector.CoyoteAdapter.service(CoyoteAdapter.java:344)
	at org.apache.coyote.http11.Http11Processor.service(Http11Processor.java:397)
	at org.apache.coyote.AbstractProcessorLight.process(AbstractProcessorLight.java:63)
	at org.apache.coyote.AbstractProtocol$ConnectionHandler.process(AbstractProtocol.java:905)
	at org.apache.tomcat.util.net.NioEndpoint$SocketProcessor.doRun(NioEndpoint.java:1743)
	at org.apache.tomcat.util.net.SocketProcessorBase.run(SocketProcessorBase.java:52)
	at org.apache.tomcat.util.threads.ThreadPoolExecutor.runWorker(ThreadPoolExecutor.java:1190)
	at org.apache.tomcat.util.threads.ThreadPoolExecutor$Worker.run(ThreadPoolExecutor.java:659)
	at org.apache.tomcat.util.threads.TaskThread$WrappingRunnable.run(TaskThread.java:63)
	at java.base/java.lang.Thread.run(Thread.java:1583)
2025-03-24 09:41:51 - Servlet.service() for servlet [dispatcherServlet] in context with path [] threw exception [Request processing failed: org.thymeleaf.exceptions.TemplateInputException: Error resolving template [login], template might not exist or might not be accessible by any of the configured Template Resolvers] with root cause
org.thymeleaf.exceptions.TemplateInputException: Error resolving template [login], template might not exist or might not be accessible by any of the configured Template Resolvers
	at org.thymeleaf.engine.TemplateManager.resolveTemplate(TemplateManager.java:869)
	at org.thymeleaf.engine.TemplateManager.parseAndProcess(TemplateManager.java:607)
	at org.thymeleaf.TemplateEngine.process(TemplateEngine.java:1103)
	at org.thymeleaf.TemplateEngine.process(TemplateEngine.java:1077)
	at org.thymeleaf.spring6.view.ThymeleafView.renderFragment(ThymeleafView.java:372)
	at org.thymeleaf.spring6.view.ThymeleafView.render(ThymeleafView.java:192)
	at org.springframework.web.servlet.DispatcherServlet.render(DispatcherServlet.java:1435)
	at org.springframework.web.servlet.DispatcherServlet.processDispatchResult(DispatcherServlet.java:1167)
	at org.springframework.web.servlet.DispatcherServlet.doDispatch(DispatcherServlet.java:1105)
	at org.springframework.web.servlet.DispatcherServlet.doService(DispatcherServlet.java:978)
	at org.springframework.web.servlet.FrameworkServlet.processRequest(FrameworkServlet.java:1014)
	at org.springframework.web.servlet.FrameworkServlet.doPost(FrameworkServlet.java:914)
	at jakarta.servlet.http.HttpServlet.service(HttpServlet.java:590)
	at org.springframework.web.servlet.FrameworkServlet.service(FrameworkServlet.java:885)
	at jakarta.servlet.http.HttpServlet.service(HttpServlet.java:658)
	at org.apache.catalina.core.ApplicationFilterChain.internalDoFilter(ApplicationFilterChain.java:195)
	at org.apache.catalina.core.ApplicationFilterChain.doFilter(ApplicationFilterChain.java:140)
	at org.apache.tomcat.websocket.server.WsFilter.doFilter(WsFilter.java:51)
	at org.apache.catalina.core.ApplicationFilterChain.internalDoFilter(ApplicationFilterChain.java:164)
	at org.apache.catalina.core.ApplicationFilterChain.doFilter(ApplicationFilterChain.java:140)
	at org.springframework.web.filter.CompositeFilter$VirtualFilterChain.doFilter(CompositeFilter.java:108)
	at org.springframework.security.web.FilterChainProxy.lambda$doFilterInternal$3(FilterChainProxy.java:231)
	at org.springframework.security.web.FilterChainProxy$VirtualFilterChain.doFilter(FilterChainProxy.java:365)
	at org.springframework.security.web.access.intercept.AuthorizationFilter.doFilter(AuthorizationFilter.java:101)
	at org.springframework.security.web.FilterChainProxy$VirtualFilterChain.doFilter(FilterChainProxy.java:374)
	at org.springframework.security.web.access.ExceptionTranslationFilter.doFilter(ExceptionTranslationFilter.java:126)
	at org.springframework.security.web.access.ExceptionTranslationFilter.doFilter(ExceptionTranslationFilter.java:120)
	at org.springframework.security.web.FilterChainProxy$VirtualFilterChain.doFilter(FilterChainProxy.java:374)
	at org.springframework.security.web.authentication.AnonymousAuthenticationFilter.doFilter(AnonymousAuthenticationFilter.java:100)
	at org.springframework.security.web.FilterChainProxy$VirtualFilterChain.doFilter(FilterChainProxy.java:374)
	at org.springframework.security.web.servletapi.SecurityContextHolderAwareRequestFilter.doFilter(SecurityContextHolderAwareRequestFilter.java:179)
	at org.springframework.security.web.FilterChainProxy$VirtualFilterChain.doFilter(FilterChainProxy.java:374)
	at org.springframework.security.web.savedrequest.RequestCacheAwareFilter.doFilter(RequestCacheAwareFilter.java:63)
	at org.springframework.security.web.FilterChainProxy$VirtualFilterChain.doFilter(FilterChainProxy.java:374)
	at org.springframework.security.web.authentication.ui.DefaultLogoutPageGeneratingFilter.doFilterInternal(DefaultLogoutPageGeneratingFilter.java:58)
	at org.springframework.web.filter.OncePerRequestFilter.doFilter(OncePerRequestFilter.java:116)
	at org.springframework.security.web.FilterChainProxy$VirtualFilterChain.doFilter(FilterChainProxy.java:374)
	at org.springframework.security.web.authentication.ui.DefaultLoginPageGeneratingFilter.doFilter(DefaultLoginPageGeneratingFilter.java:220)
	at org.springframework.security.web.authentication.ui.DefaultLoginPageGeneratingFilter.doFilter(DefaultLoginPageGeneratingFilter.java:206)
	at org.springframework.security.web.FilterChainProxy$VirtualFilterChain.doFilter(FilterChainProxy.java:374)
	at org.springframework.security.web.authentication.ui.DefaultResourcesFilter.doFilter(DefaultResourcesFilter.java:72)
	at org.springframework.security.web.FilterChainProxy$VirtualFilterChain.doFilter(FilterChainProxy.java:374)
	at org.springframework.security.web.authentication.AbstractAuthenticationProcessingFilter.doFilter(AbstractAuthenticationProcessingFilter.java:227)
	at org.springframework.security.web.authentication.AbstractAuthenticationProcessingFilter.doFilter(AbstractAuthenticationProcessingFilter.java:221)
	at org.springframework.security.web.FilterChainProxy$VirtualFilterChain.doFilter(FilterChainProxy.java:374)
	at org.springframework.security.web.authentication.logout.LogoutFilter.doFilter(LogoutFilter.java:107)
	at org.springframework.security.web.authentication.logout.LogoutFilter.doFilter(LogoutFilter.java:93)
	at org.springframework.security.web.FilterChainProxy$VirtualFilterChain.doFilter(FilterChainProxy.java:374)
	at org.springframework.security.web.csrf.CsrfFilter.doFilterInternal(CsrfFilter.java:131)
	at org.springframework.web.filter.OncePerRequestFilter.doFilter(OncePerRequestFilter.java:116)
	at org.springframework.security.web.FilterChainProxy$VirtualFilterChain.doFilter(FilterChainProxy.java:374)
	at org.springframework.security.web.header.HeaderWriterFilter.doHeadersAfter(HeaderWriterFilter.java:90)
	at org.springframework.security.web.header.HeaderWriterFilter.doFilterInternal(HeaderWriterFilter.java:75)
	at org.springframework.web.filter.OncePerRequestFilter.doFilter(OncePerRequestFilter.java:116)
	at org.springframework.security.web.FilterChainProxy$VirtualFilterChain.doFilter(FilterChainProxy.java:374)
	at org.springframework.security.web.context.SecurityContextHolderFilter.doFilter(SecurityContextHolderFilter.java:82)
	at org.springframework.security.web.context.SecurityContextHolderFilter.doFilter(SecurityContextHolderFilter.java:69)
	at org.springframework.security.web.FilterChainProxy$VirtualFilterChain.doFilter(FilterChainProxy.java:374)
	at org.springframework.security.web.context.request.async.WebAsyncManagerIntegrationFilter.doFilterInternal(WebAsyncManagerIntegrationFilter.java:62)
	at org.springframework.web.filter.OncePerRequestFilter.doFilter(OncePerRequestFilter.java:116)
	at org.springframework.security.web.FilterChainProxy$VirtualFilterChain.doFilter(FilterChainProxy.java:374)
	at org.springframework.security.web.session.DisableEncodeUrlFilter.doFilterInternal(DisableEncodeUrlFilter.java:42)
	at org.springframework.web.filter.OncePerRequestFilter.doFilter(OncePerRequestFilter.java:116)
	at org.springframework.security.web.FilterChainProxy$VirtualFilterChain.doFilter(FilterChainProxy.java:374)
	at org.springframework.security.web.FilterChainProxy.doFilterInternal(FilterChainProxy.java:233)
	at org.springframework.security.web.FilterChainProxy.doFilter(FilterChainProxy.java:191)
	at org.springframework.web.filter.CompositeFilter$VirtualFilterChain.doFilter(CompositeFilter.java:113)
	at org.springframework.web.servlet.handler.HandlerMappingIntrospector.lambda$createCacheFilter$3(HandlerMappingIntrospector.java:243)
	at org.springframework.web.filter.CompositeFilter$VirtualFilterChain.doFilter(CompositeFilter.java:113)
	at org.springframework.web.filter.CompositeFilter.doFilter(CompositeFilter.java:74)
	at org.springframework.security.config.annotation.web.configuration.WebMvcSecurityConfiguration$CompositeFilterChainProxy.doFilter(WebMvcSecurityConfiguration.java:238)
	at org.springframework.web.filter.DelegatingFilterProxy.invokeDelegate(DelegatingFilterProxy.java:362)
	at org.springframework.web.filter.DelegatingFilterProxy.doFilter(DelegatingFilterProxy.java:278)
	at org.apache.catalina.core.ApplicationFilterChain.internalDoFilter(ApplicationFilterChain.java:164)
	at org.apache.catalina.core.ApplicationFilterChain.doFilter(ApplicationFilterChain.java:140)
	at org.springframework.web.filter.RequestContextFilter.doFilterInternal(RequestContextFilter.java:100)
	at org.springframework.web.filter.OncePerRequestFilter.doFilter(OncePerRequestFilter.java:116)
	at org.apache.catalina.core.ApplicationFilterChain.internalDoFilter(ApplicationFilterChain.java:164)
	at org.apache.catalina.core.ApplicationFilterChain.doFilter(ApplicationFilterChain.java:140)
	at org.springframework.web.filter.FormContentFilter.doFilterInternal(FormContentFilter.java:93)
	at org.springframework.web.filter.OncePerRequestFilter.doFilter(OncePerRequestFilter.java:116)
	at org.apache.catalina.core.ApplicationFilterChain.internalDoFilter(ApplicationFilterChain.java:164)
	at org.apache.catalina.core.ApplicationFilterChain.doFilter(ApplicationFilterChain.java:140)
	at org.springframework.web.filter.CharacterEncodingFilter.doFilterInternal(CharacterEncodingFilter.java:201)
	at org.springframework.web.filter.OncePerRequestFilter.doFilter(OncePerRequestFilter.java:116)
	at org.apache.catalina.core.ApplicationFilterChain.internalDoFilter(ApplicationFilterChain.java:164)
	at org.apache.catalina.core.ApplicationFilterChain.doFilter(ApplicationFilterChain.java:140)
	at org.apache.catalina.core.StandardWrapperValve.invoke(StandardWrapperValve.java:167)
	at org.apache.catalina.core.StandardContextValve.invoke(StandardContextValve.java:90)
	at org.apache.catalina.authenticator.AuthenticatorBase.invoke(AuthenticatorBase.java:483)
	at org.apache.catalina.core.StandardHostValve.invoke(StandardHostValve.java:115)
	at org.apache.catalina.valves.ErrorReportValve.invoke(ErrorReportValve.java:93)
	at org.apache.catalina.core.StandardEngineValve.invoke(StandardEngineValve.java:74)
	at org.apache.catalina.connector.CoyoteAdapter.service(CoyoteAdapter.java:344)
	at org.apache.coyote.http11.Http11Processor.service(Http11Processor.java:397)
	at org.apache.coyote.AbstractProcessorLight.process(AbstractProcessorLight.java:63)
	at org.apache.coyote.AbstractProtocol$ConnectionHandler.process(AbstractProtocol.java:905)
	at org.apache.tomcat.util.net.NioEndpoint$SocketProcessor.doRun(NioEndpoint.java:1743)
	at org.apache.tomcat.util.net.SocketProcessorBase.run(SocketProcessorBase.java:52)
	at org.apache.tomcat.util.threads.ThreadPoolExecutor.runWorker(ThreadPoolExecutor.java:1190)
	at org.apache.tomcat.util.threads.ThreadPoolExecutor$Worker.run(ThreadPoolExecutor.java:659)
	at org.apache.tomcat.util.threads.TaskThread$WrappingRunnable.run(TaskThread.java:63)
	at java.base/java.lang.Thread.run(Thread.java:1583)
